<?xml version="1.0" encoding="UTF-8"?>
<!-- Generated by org.testng.reporters.JUnitXMLReporter -->
<testsuite ignored="0" hostname="LAPTOP-4AD9QAPI" failures="0" tests="5" name="Default test" time="37.807" errors="0" timestamp="2023-01-15T13:10:28 IST">
  <testcase classname="com.prospection.assignment.TestCases.TestWeatherView" name="SearchandSaveLocations" time="5.096"/>
  <testcase classname="com.prospection.assignment.TestCases.TestWeatherView" name="SearchandSaveLocations" time="5.111"/>
  <testcase classname="com.prospection.assignment.TestCases.TestWeatherView" name="SearchandSaveLocations" time="5.561"/>
  <testcase classname="com.prospection.assignment.TestCases.TestWeatherView" name="SearchandSaveLocations" time="5.161"/>
  <testcase classname="com.prospection.assignment.TestCases.TestWeatherView" name="ForgetSavedLocations" time="2.453"/>
</testsuite> <!-- Default test -->
