<?xml version="1.0" encoding="UTF-8"?>
<!-- Generated by org.testng.reporters.JUnitXMLReporter -->
<testsuite ignored="0" hostname="LAPTOP-4AD9QAPI" failures="0" tests="5" name="BOM Weather App  End-End tests" time="37.27" errors="0" timestamp="2023-01-15T13:11:42 IST">
  <testcase classname="com.prospection.assignment.TestCases.TestWeatherView" name="SearchandSaveLocations" time="5.142"/>
  <testcase classname="com.prospection.assignment.TestCases.TestWeatherView" name="SearchandSaveLocations" time="4.998"/>
  <testcase classname="com.prospection.assignment.TestCases.TestWeatherView" name="SearchandSaveLocations" time="5.204"/>
  <testcase classname="com.prospection.assignment.TestCases.TestWeatherView" name="SearchandSaveLocations" time="5.236"/>
  <testcase classname="com.prospection.assignment.TestCases.TestWeatherView" name="ForgetSavedLocations" time="2.272"/>
</testsuite> <!-- BOM Weather App  End-End tests -->
