<?xml version="1.0" encoding="UTF-8"?>
<testng-results ignored="0" total="5" passed="5" failed="0" skipped="0">
  <reporter-output>
  </reporter-output>
  <suite started-at="2023-01-15T13:11:04 IST" name="BOM Weather App  Tests Suite" finished-at="2023-01-15T13:11:42 IST" duration-ms="37270">
    <groups>
    </groups>
    <test started-at="2023-01-15T13:11:04 IST" name="BOM Weather App  End-End tests" finished-at="2023-01-15T13:11:42 IST" duration-ms="37270">
      <class name="com.prospection.assignment.TestCases.TestWeatherView">
        <test-method is-config="true" signature="setUp()[pri:0, instance:com.prospection.assignment.TestCases.TestWeatherView@43dac38f]" started-at="2023-01-15T13:11:04 IST" name="setUp" finished-at="2023-01-15T13:11:08 IST" duration-ms="3462" status="PASS">
          <reporter-output>
          </reporter-output>
        </test-method> <!-- setUp -->
        <test-method signature="SearchandSaveLocations(java.lang.String,java.lang.String)[pri:0, instance:com.prospection.assignment.TestCases.TestWeatherView@43dac38f]" started-at="2023-01-15T13:11:08 IST" name="SearchandSaveLocations" description="User navigates from weather overview page to map view page searches and saves the location" data-provider="data-set" finished-at="2023-01-15T13:11:13 IST" duration-ms="5142" status="PASS">
          <params>
            <param index="0">
              <value>
                <![CDATA[2217]]>
              </value>
            </param>
            <param index="1">
              <value>
                <![CDATA[Kogarah]]>
              </value>
            </param>
          </params>
          <reporter-output>
          </reporter-output>
        </test-method> <!-- SearchandSaveLocations -->
        <test-method is-config="true" signature="TearDown()[pri:0, instance:com.prospection.assignment.TestCases.TestWeatherView@43dac38f]" started-at="2023-01-15T13:11:13 IST" name="TearDown" finished-at="2023-01-15T13:11:13 IST" duration-ms="186" status="PASS">
          <reporter-output>
          </reporter-output>
        </test-method> <!-- TearDown -->
        <test-method is-config="true" signature="setUp()[pri:0, instance:com.prospection.assignment.TestCases.TestWeatherView@43dac38f]" started-at="2023-01-15T13:11:13 IST" name="setUp" finished-at="2023-01-15T13:11:16 IST" duration-ms="2850" status="PASS">
          <reporter-output>
          </reporter-output>
        </test-method> <!-- setUp -->
        <test-method signature="SearchandSaveLocations(java.lang.String,java.lang.String)[pri:0, instance:com.prospection.assignment.TestCases.TestWeatherView@43dac38f]" started-at="2023-01-15T13:11:16 IST" name="SearchandSaveLocations" description="User navigates from weather overview page to map view page searches and saves the location" data-provider="data-set" finished-at="2023-01-15T13:11:21 IST" duration-ms="4998" status="PASS">
          <params>
            <param index="0">
              <value>
                <![CDATA[2508]]>
              </value>
            </param>
            <param index="1">
              <value>
                <![CDATA[Helensburgh]]>
              </value>
            </param>
          </params>
          <reporter-output>
          </reporter-output>
        </test-method> <!-- SearchandSaveLocations -->
        <test-method is-config="true" signature="TearDown()[pri:0, instance:com.prospection.assignment.TestCases.TestWeatherView@43dac38f]" started-at="2023-01-15T13:11:21 IST" name="TearDown" finished-at="2023-01-15T13:11:21 IST" duration-ms="179" status="PASS">
          <reporter-output>
          </reporter-output>
        </test-method> <!-- TearDown -->
        <test-method is-config="true" signature="setUp()[pri:0, instance:com.prospection.assignment.TestCases.TestWeatherView@43dac38f]" started-at="2023-01-15T13:11:21 IST" name="setUp" finished-at="2023-01-15T13:11:24 IST" duration-ms="2433" status="PASS">
          <reporter-output>
          </reporter-output>
        </test-method> <!-- setUp -->
        <test-method signature="SearchandSaveLocations(java.lang.String,java.lang.String)[pri:0, instance:com.prospection.assignment.TestCases.TestWeatherView@43dac38f]" started-at="2023-01-15T13:11:24 IST" name="SearchandSaveLocations" description="User navigates from weather overview page to map view page searches and saves the location" data-provider="data-set" finished-at="2023-01-15T13:11:29 IST" duration-ms="5204" status="PASS">
          <params>
            <param index="0">
              <value>
                <![CDATA[2533]]>
              </value>
            </param>
            <param index="1">
              <value>
                <![CDATA[Kiama]]>
              </value>
            </param>
          </params>
          <reporter-output>
          </reporter-output>
        </test-method> <!-- SearchandSaveLocations -->
        <test-method is-config="true" signature="TearDown()[pri:0, instance:com.prospection.assignment.TestCases.TestWeatherView@43dac38f]" started-at="2023-01-15T13:11:29 IST" name="TearDown" finished-at="2023-01-15T13:11:29 IST" duration-ms="178" status="PASS">
          <reporter-output>
          </reporter-output>
        </test-method> <!-- TearDown -->
        <test-method is-config="true" signature="setUp()[pri:0, instance:com.prospection.assignment.TestCases.TestWeatherView@43dac38f]" started-at="2023-01-15T13:11:29 IST" name="setUp" finished-at="2023-01-15T13:11:31 IST" duration-ms="2333" status="PASS">
          <reporter-output>
          </reporter-output>
        </test-method> <!-- setUp -->
        <test-method signature="SearchandSaveLocations(java.lang.String,java.lang.String)[pri:0, instance:com.prospection.assignment.TestCases.TestWeatherView@43dac38f]" started-at="2023-01-15T13:11:31 IST" name="SearchandSaveLocations" description="User navigates from weather overview page to map view page searches and saves the location" data-provider="data-set" finished-at="2023-01-15T13:11:36 IST" duration-ms="5236" status="PASS">
          <params>
            <param index="0">
              <value>
                <![CDATA[2095]]>
              </value>
            </param>
            <param index="1">
              <value>
                <![CDATA[Manly]]>
              </value>
            </param>
          </params>
          <reporter-output>
          </reporter-output>
        </test-method> <!-- SearchandSaveLocations -->
        <test-method is-config="true" signature="TearDown()[pri:0, instance:com.prospection.assignment.TestCases.TestWeatherView@43dac38f]" started-at="2023-01-15T13:11:36 IST" name="TearDown" finished-at="2023-01-15T13:11:37 IST" duration-ms="178" status="PASS">
          <reporter-output>
          </reporter-output>
        </test-method> <!-- TearDown -->
        <test-method is-config="true" signature="setUp()[pri:0, instance:com.prospection.assignment.TestCases.TestWeatherView@43dac38f]" started-at="2023-01-15T13:11:37 IST" name="setUp" finished-at="2023-01-15T13:11:39 IST" duration-ms="2400" status="PASS">
          <reporter-output>
          </reporter-output>
        </test-method> <!-- setUp -->
        <test-method signature="ForgetSavedLocations()[pri:0, instance:com.prospection.assignment.TestCases.TestWeatherView@43dac38f]" started-at="2023-01-15T13:11:39 IST" name="ForgetSavedLocations" description="Navigate to map view and forget the saved locations " finished-at="2023-01-15T13:11:41 IST" depends-on-methods="com.prospection.assignment.TestCases.TestWeatherView.SearchandSaveLocations" duration-ms="2272" status="PASS">
          <reporter-output>
          </reporter-output>
        </test-method> <!-- ForgetSavedLocations -->
        <test-method is-config="true" signature="TearDown()[pri:0, instance:com.prospection.assignment.TestCases.TestWeatherView@43dac38f]" started-at="2023-01-15T13:11:41 IST" name="TearDown" finished-at="2023-01-15T13:11:42 IST" duration-ms="182" status="PASS">
          <reporter-output>
          </reporter-output>
        </test-method> <!-- TearDown -->
      </class> <!-- com.prospection.assignment.TestCases.TestWeatherView -->
    </test> <!-- BOM Weather App  End-End tests -->
  </suite> <!-- BOM Weather App  Tests Suite -->
</testng-results>
